turbo 2.5.0

• Packages in scope: @techgarden/root, @techgarden/sprout-service, @techgarden/sprout-ui
• Running build in 3 packages
• Remote caching disabled
@techgarden/root:build: cache miss, executing 6a9b4f0053be9e3f
@techgarden/sprout-service:build: cache miss, executing 8e94d3bf5be12d52
@techgarden/sprout-ui:build: cache miss, executing e93984b23588569c
@techgarden/sprout-service:build: 
@techgarden/sprout-service:build: > @techgarden/sprout-service@0.0.1 build
@techgarden/sprout-service:build: > nest build
@techgarden/sprout-service:build: 
@techgarden/sprout-ui:build: 
@techgarden/sprout-ui:build: > @techgarden/sprout-ui@0.0.0 build
@techgarden/sprout-ui:build: > ng build
@techgarden/sprout-ui:build: 
@techgarden/root:build: 
@techgarden/root:build: > @techgarden/root@0.0.0 build
@techgarden/root:build: > npm run build:css && npm run build:lib
@techgarden/root:build: 
@techgarden/root:build: 
@techgarden/root:build: > @techgarden/root@0.0.0 build:css
@techgarden/root:build: > npx @tailwindcss/cli -i ./projects/root/src/styles/styles.css -o ./projects/root/styles/styles.css
@techgarden/root:build: 
@techgarden/sprout-ui:build: ❯ Building...
@techgarden/root:build: ≈ tailwindcss v4.1.3
@techgarden/root:build: 
@techgarden/root:build: Done in 20ms
@techgarden/root:build: 
@techgarden/root:build: > @techgarden/root@0.0.0 build:lib
@techgarden/root:build: > ng build
@techgarden/root:build: 
@techgarden/root:build: Building Angular Package
@techgarden/root:build: 
@techgarden/root:build: ------------------------------------------------------------------------------
@techgarden/root:build: Building entry point '@techgarden/root-lib'
@techgarden/root:build: ------------------------------------------------------------------------------
@techgarden/root:build: - Compiling with Angular sources in Ivy partial compilation mode.
@techgarden/sprout-ui:build: ✔ Building...
@techgarden/sprout-ui:build: Initial chunk files   | Names         |  Raw size | Estimated transfer size
@techgarden/sprout-ui:build: main-ES3SHXIO.js      | main          | 294.07 kB |                79.49 kB
@techgarden/sprout-ui:build: polyfills-ULPW5IXY.js | polyfills     |  34.52 kB |                11.28 kB
@techgarden/sprout-ui:build: styles-7UCV7Y7H.css   | styles        |  23.18 kB |                 3.67 kB
@techgarden/sprout-ui:build: 
@techgarden/sprout-ui:build:                       | Initial total | 351.77 kB |                94.44 kB
@techgarden/sprout-ui:build: 
@techgarden/sprout-ui:build: Application bundle generation complete. [1.425 seconds]
@techgarden/sprout-ui:build: 
@techgarden/sprout-ui:build: Output location: /Users/kianalikhani/Development/Projects/techgarden/apps/ui/sprout/dist/sprout
@techgarden/sprout-ui:build: 
@techgarden/root:build: ✔ Compiling with Angular sources in Ivy partial compilation mode.
@techgarden/root:build: - Writing FESM bundles
@techgarden/root:build: ✔ Writing FESM bundles
@techgarden/root:build: - Copying assets
@techgarden/root:build: ✔ Copying assets
@techgarden/root:build: - Writing package manifest
@techgarden/root:build: ✔ Writing package manifest
@techgarden/root:build: ✔ Built @techgarden/root-lib
@techgarden/root:build: 
@techgarden/root:build: ------------------------------------------------------------------------------
@techgarden/root:build: Built Angular Package
@techgarden/root:build:  - from: /Users/kianalikhani/Development/Projects/techgarden/packages/root/projects/root
@techgarden/root:build:  - to:   /Users/kianalikhani/Development/Projects/techgarden/packages/root/dist/root
@techgarden/root:build: ------------------------------------------------------------------------------
@techgarden/root:build: 
@techgarden/root:build: Build at: 2025-04-12T01:54:34.510Z - Time: 512ms
@techgarden/root:build: 

 Tasks:    3 successful, 3 total
Cached:    0 cached, 3 total
  Time:    2.33s 

